<?xml version="1.0" encoding="UTF-8"?>
<!-- Generated by org.testng.reporters.JUnitReportReporter -->
<testsuite name="com.generalstore.tests.TC_01_General" tests="1" time="24.729" ignored="0" failures="0" timestamp="05 Jan 2021 09:25:26 GMT" skipped="0" hostname="Admin" errors="0">
  <testcase name="tc_01_General" time="24.729" classname="com.generalstore.tests.TC_01_General"/>
</testsuite> <!-- com.generalstore.tests.TC_01_General -->
