<?xml version="1.0" encoding="UTF-8"?>
<!-- Generated by org.testng.reporters.JUnitReportReporter -->
<testsuite name="com.generalstore.tests.TC_01_General" tests="1" time="48.661" ignored="0" failures="0" timestamp="06 Jan 2021 12:33:01 GMT" skipped="0" hostname="Admin" errors="0">
  <testcase name="tc_01_General" time="48.661" classname="com.generalstore.tests.TC_01_General"/>
</testsuite> <!-- com.generalstore.tests.TC_01_General -->
